# JRE version: Java(TM) SE Runtime Environment (9.0+11) (build 9.0.4+11)
# Java VM: Java HotSpot(TM) 64-Bit Server VM (9.0.4+11, mixed mode, tiered, compressed oops, g1 gc, bsd-amd64)
Heap:
 garbage-first heap   total 131072K, used 13453K [0x0000000740000000, 0x0000000740100400, 0x00000007c0000000)
  region size 1024K, 9 young (9216K), 1 survivors (1024K)
 Metaspace       used 10835K, capacity 11165K, committed 11264K, reserved 1058816K
  class space    used 932K, capacity 1008K, committed 1024K, reserved 1048576K
GC Heap History (6 events):
Event: 1.460 GC heap before
{Heap before GC invocations=0 (full 0):
 garbage-first heap   total 131072K, used 14336K [0x0000000740000000, 0x0000000740100400, 0x00000007c0000000)
  region size 1024K, 14 young (14336K), 0 survivors (0K)
 Metaspace       used 10493K, capacity 10781K, committed 11008K, reserved 1058816K
  class space    used 923K, capacity 1008K, committed 1024K, reserved 1048576K
}
Event: 1.472 GC heap after
{Heap after GC invocations=1 (full 0):
 garbage-first heap   total 131072K, used 5890K [0x0000000740000000, 0x0000000740100400, 0x00000007c0000000)
  region size 1024K, 2 young (2048K), 2 survivors (2048K)
 Metaspace       used 10493K, capacity 10781K, committed 11008K, reserved 1058816K
  class space    used 923K, capacity 1008K, committed 1024K, reserved 1048576K
}
Event: 1.590 GC heap before
{Heap before GC invocations=1 (full 0):
 garbage-first heap   total 131072K, used 17154K [0x0000000740000000, 0x0000000740100400, 0x00000007c0000000)
  region size 1024K, 13 young (13312K), 2 survivors (2048K)
 Metaspace       used 10595K, capacity 10909K, committed 11008K, reserved 1058816K
  class space    used 928K, capacity 1008K, committed 1024K, reserved 1048576K
}
Event: 1.596 GC heap after
{Heap after GC invocations=2 (full 0):
 garbage-first heap   total 131072K, used 6496K [0x0000000740000000, 0x0000000740100400, 0x00000007c0000000)
  region size 1024K, 1 young (1024K), 1 survivors (1024K)
 Metaspace       used 10595K, capacity 10909K, committed 11008K, reserved 1058816K
  class space    used 928K, capacity 1008K, committed 1024K, reserved 1048576K
}
Event: 28.935 GC heap before
{Heap before GC invocations=2 (full 0):
 garbage-first heap   total 131072K, used 32096K [0x0000000740000000, 0x0000000740100400, 0x00000007c0000000)
  region size 1024K, 26 young (26624K), 1 survivors (1024K)
 Metaspace       used 10808K, capacity 11101K, committed 11264K, reserved 1058816K
  class space    used 932K, capacity 1008K, committed 1024K, reserved 1048576K
}
Event: 28.937 GC heap after
{Heap after GC invocations=3 (full 0):
 garbage-first heap   total 131072K, used 6285K [0x0000000740000000, 0x0000000740100400, 0x00000007c0000000)
  region size 1024K, 1 young (1024K), 1 survivors (1024K)
 Metaspace       used 10808K, capacity 11101K, committed 11264K, reserved 1058816K
  class space    used 932K, capacity 1008K, committed 1024K, reserved 1048576K
}

